<?xml version="1.0" encoding="UTF-8"?>
<!-- Generated by org.testng.reporters.JUnitXMLReporter -->
<testsuite ignored="0" hostname="LAPTOP-6RQ1AS2M" failures="0" tests="4" name="Test" time="77.919" errors="0" timestamp="2022-12-12T17:03:35 IST">
  <testcase classname="TEST.TVS_TEST" name="Browsersetup" time="25.333"/>
  <testcase classname="TEST.BMW_TEST" name="Browsersetup" time="9.54"/>
  <testcase classname="TEST.Ducati_Test" name="Browsersetup" time="13.828"/>
  <testcase classname="TEST.KTM_Test" name="Browsersetup" time="29.17"/>
</testsuite> <!-- Test -->
