<?xml version="1.0" encoding="UTF-8"?>
<testng-results ignored="0" total="1" passed="1" failed="0" skipped="0">
  <reporter-output>
  </reporter-output>
  <suite started-at="2022-12-07T11:29:19 IST" name="Default suite" finished-at="2022-12-07T11:29:23 IST" duration-ms="4034">
    <groups>
    </groups>
    <test started-at="2022-12-07T11:29:19 IST" name="Default test" finished-at="2022-12-07T11:29:23 IST" duration-ms="4034">
      <class name="TEST.BMW">
        <test-method signature="Browsersetup()[pri:0, instance:TEST.BMW@71075444]" started-at="2022-12-07T11:29:19 IST" name="Browsersetup" finished-at="2022-12-07T11:29:23 IST" duration-ms="3988" status="PASS">
          <reporter-output>
          </reporter-output>
        </test-method> <!-- Browsersetup -->
      </class> <!-- TEST.BMW -->
    </test> <!-- Default test -->
  </suite> <!-- Default suite -->
</testng-results>
