<?xml version="1.0" encoding="UTF-8"?>
<testng-results ignored="0" total="4" passed="4" failed="0" skipped="0">
  <reporter-output>
  </reporter-output>
  <suite started-at="2022-12-12T17:02:17 IST" name="Suite" finished-at="2022-12-12T17:03:35 IST" duration-ms="77919">
    <groups>
    </groups>
    <test started-at="2022-12-12T17:02:17 IST" name="Test" finished-at="2022-12-12T17:03:35 IST" duration-ms="77919">
      <class name="TEST.TVS_TEST">
        <test-method signature="Browsersetup()[pri:0, instance:TEST.TVS_TEST@75437611]" started-at="2022-12-12T17:02:17 IST" name="Browsersetup" finished-at="2022-12-12T17:02:42 IST" duration-ms="25333" status="PASS">
          <reporter-output>
          </reporter-output>
        </test-method> <!-- Browsersetup -->
      </class> <!-- TEST.TVS_TEST -->
      <class name="TEST.Ducati_Test">
        <test-method signature="Browsersetup()[pri:0, instance:TEST.Ducati_Test@606e4010]" started-at="2022-12-12T17:02:52 IST" name="Browsersetup" finished-at="2022-12-12T17:03:06 IST" duration-ms="13828" status="PASS">
          <reporter-output>
          </reporter-output>
        </test-method> <!-- Browsersetup -->
      </class> <!-- TEST.Ducati_Test -->
      <class name="TEST.KTM_Test">
        <test-method signature="Browsersetup()[pri:0, instance:TEST.KTM_Test@8458f04]" started-at="2022-12-12T17:03:06 IST" name="Browsersetup" finished-at="2022-12-12T17:03:35 IST" duration-ms="29170" status="PASS">
          <reporter-output>
          </reporter-output>
        </test-method> <!-- Browsersetup -->
      </class> <!-- TEST.KTM_Test -->
      <class name="TEST.BMW_TEST">
        <test-method signature="Browsersetup()[pri:0, instance:TEST.BMW_TEST@18271936]" started-at="2022-12-12T17:02:42 IST" name="Browsersetup" finished-at="2022-12-12T17:02:52 IST" duration-ms="9540" status="PASS">
          <reporter-output>
          </reporter-output>
        </test-method> <!-- Browsersetup -->
      </class> <!-- TEST.BMW_TEST -->
    </test> <!-- Test -->
  </suite> <!-- Suite -->
</testng-results>
